0 info it worked if it ends with ok
1 verbose cli [ '/Users/jasonsheng/.nvm/versions/node/v6.9.2/bin/node',
1 verbose cli   '/Users/jasonsheng/.nvm/versions/node/v6.9.2/bin/npm',
1 verbose cli   'run',
1 verbose cli   'dev' ]
2 info using npm@3.10.9
3 info using node@v6.9.2
4 verbose run-script [ 'predev', 'dev', 'postdev' ]
5 info lifecycle jsh-toolkit@1.0.0~predev: jsh-toolkit@1.0.0
6 silly lifecycle jsh-toolkit@1.0.0~predev: no script for predev, continuing
7 info lifecycle jsh-toolkit@1.0.0~dev: jsh-toolkit@1.0.0
8 verbose lifecycle jsh-toolkit@1.0.0~dev: unsafe-perm in lifecycle true
9 verbose lifecycle jsh-toolkit@1.0.0~dev: PATH: /Users/jasonsheng/.nvm/versions/node/v6.9.2/lib/node_modules/npm/bin/node-gyp-bin:/Users/jasonsheng/Documents/project/jsh-toolkit/node_modules/.bin:/Users/jasonsheng/.nvm/versions/node/v6.9.2/bin:/usr/bin:/bin:/usr/sbin:/sbin:/usr/local/bin:/anaconda2/bin
10 verbose lifecycle jsh-toolkit@1.0.0~dev: CWD: /Users/jasonsheng/Documents/project/jsh-toolkit
11 silly lifecycle jsh-toolkit@1.0.0~dev: Args: [ '-c',
11 silly lifecycle   'lerna bootstrap --hoist && webpack-dev-server --config ./build/webpack.config.js --mode development ' ]
12 silly lifecycle jsh-toolkit@1.0.0~dev: Returned: code: 1  signal: null
13 info lifecycle jsh-toolkit@1.0.0~dev: Failed to exec dev script
14 verbose stack Error: jsh-toolkit@1.0.0 dev: `lerna bootstrap --hoist && webpack-dev-server --config ./build/webpack.config.js --mode development `
14 verbose stack Exit status 1
14 verbose stack     at EventEmitter.<anonymous> (/Users/jasonsheng/.nvm/versions/node/v6.9.2/lib/node_modules/npm/lib/utils/lifecycle.js:255:16)
14 verbose stack     at emitTwo (events.js:106:13)
14 verbose stack     at EventEmitter.emit (events.js:191:7)
14 verbose stack     at ChildProcess.<anonymous> (/Users/jasonsheng/.nvm/versions/node/v6.9.2/lib/node_modules/npm/lib/utils/spawn.js:40:14)
14 verbose stack     at emitTwo (events.js:106:13)
14 verbose stack     at ChildProcess.emit (events.js:191:7)
14 verbose stack     at maybeClose (internal/child_process.js:877:16)
14 verbose stack     at Process.ChildProcess._handle.onexit (internal/child_process.js:226:5)
15 verbose pkgid jsh-toolkit@1.0.0
16 verbose cwd /Users/jasonsheng/Documents/project/jsh-toolkit
17 error Darwin 18.2.0
18 error argv "/Users/jasonsheng/.nvm/versions/node/v6.9.2/bin/node" "/Users/jasonsheng/.nvm/versions/node/v6.9.2/bin/npm" "run" "dev"
19 error node v6.9.2
20 error npm  v3.10.9
21 error code ELIFECYCLE
22 error jsh-toolkit@1.0.0 dev: `lerna bootstrap --hoist && webpack-dev-server --config ./build/webpack.config.js --mode development `
22 error Exit status 1
23 error Failed at the jsh-toolkit@1.0.0 dev script 'lerna bootstrap --hoist && webpack-dev-server --config ./build/webpack.config.js --mode development '.
23 error Make sure you have the latest version of node.js and npm installed.
23 error If you do, this is most likely a problem with the jsh-toolkit package,
23 error not with npm itself.
23 error Tell the author that this fails on your system:
23 error     lerna bootstrap --hoist && webpack-dev-server --config ./build/webpack.config.js --mode development
23 error You can get information on how to open an issue for this project with:
23 error     npm bugs jsh-toolkit
23 error Or if that isn't available, you can get their info via:
23 error     npm owner ls jsh-toolkit
23 error There is likely additional logging output above.
24 verbose exit [ 1, true ]
